This is pdfTeX, Version 3.141592653-2.6-1.40.28 (TeX Live 2025) (preloaded format=pdflatex 2025.9.5)  8 SEP 2025 18:39
entering extended mode
 restricted \write18 enabled.
 %&-line parsing enabled.
**tutorial_code.tex
(./tutorial_code.tex
LaTeX2e <2025-06-01> patch level 1
L3 programming layer <2025-08-13>
(/home/stevenm/.TinyTeX/texmf-dist/tex/latex/base/article.cls
Document Class: article 2025/01/22 v1.4n Standard LaTeX document class
(/home/stevenm/.TinyTeX/texmf-dist/tex/latex/base/size10.clo
File: size10.clo 2025/01/22 v1.4n Standard LaTeX file (size option)
)
\c@part=\count275
\c@section=\count276
\c@subsection=\count277
\c@subsubsection=\count278
\c@paragraph=\count279
\c@subparagraph=\count280
\c@figure=\count281
\c@table=\count282
\abovecaptionskip=\skip49
\belowcaptionskip=\skip50
\bibindent=\dimen148
) (/home/stevenm/.TinyTeX/texmf-dist/tex/latex/amsmath/amsmath.sty
Package: amsmath 2025/06/16 v2.17y AMS math features
\@mathmargin=\skip51
For additional information on amsmath, use the `?' option.
(/home/stevenm/.TinyTeX/texmf-dist/tex/latex/amsmath/amstext.sty
Package: amstext 2024/11/17 v2.01 AMS text
(/home/stevenm/.TinyTeX/texmf-dist/tex/latex/amsmath/amsgen.sty
File: amsgen.sty 1999/11/30 v2.0 generic functions
\@emptytoks=\toks17
\ex@=\dimen149
)) (/home/stevenm/.TinyTeX/texmf-dist/tex/latex/amsmath/amsbsy.sty
Package: amsbsy 1999/11/29 v1.2d Bold Symbols
\pmbraise@=\dimen150
) (/home/stevenm/.TinyTeX/texmf-dist/tex/latex/amsmath/amsopn.sty
Package: amsopn 2022/04/08 v2.04 operator names
)
\inf@bad=\count283
LaTeX Info: Redefining \frac on input line 233.
\uproot@=\count284
\leftroot@=\count285
LaTeX Info: Redefining \overline on input line 398.
LaTeX Info: Redefining \colon on input line 409.
\classnum@=\count286
\DOTSCASE@=\count287
LaTeX Info: Redefining \ldots on input line 495.
LaTeX Info: Redefining \dots on input line 498.
LaTeX Info: Redefining \cdots on input line 619.
\Mathstrutbox@=\box53
\strutbox@=\box54
LaTeX Info: Redefining \big on input line 721.
LaTeX Info: Redefining \Big on input line 722.
LaTeX Info: Redefining \bigg on input line 723.
LaTeX Info: Redefining \Bigg on input line 724.
\big@size=\dimen151
LaTeX Font Info:    Redeclaring font encoding OML on input line 742.
LaTeX Font Info:    Redeclaring font encoding OMS on input line 743.
\macc@depth=\count288
LaTeX Info: Redefining \bmod on input line 904.
LaTeX Info: Redefining \pmod on input line 909.
LaTeX Info: Redefining \smash on input line 939.
LaTeX Info: Redefining \relbar on input line 969.
LaTeX Info: Redefining \Relbar on input line 970.
\c@MaxMatrixCols=\count289
\dotsspace@=\muskip17
\c@parentequation=\count290
\dspbrk@lvl=\count291
\tag@help=\toks18
\row@=\count292
\column@=\count293
\maxfields@=\count294
\andhelp@=\toks19
\eqnshift@=\dimen152
\alignsep@=\dimen153
\tagshift@=\dimen154
\tagwidth@=\dimen155
\totwidth@=\dimen156
\lineht@=\dimen157
\@envbody=\toks20
\multlinegap=\skip52
\multlinetaggap=\skip53
\mathdisplay@stack=\toks21
LaTeX Info: Redefining \[ on input line 2949.
LaTeX Info: Redefining \] on input line 2950.
) (/home/stevenm/.TinyTeX/texmf-dist/tex/latex/amsfonts/amssymb.sty
Package: amssymb 2013/01/14 v3.01 AMS font symbols
(/home/stevenm/.TinyTeX/texmf-dist/tex/latex/amsfonts/amsfonts.sty
Package: amsfonts 2013/01/14 v3.01 Basic AMSFonts support
\symAMSa=\mathgroup4
\symAMSb=\mathgroup5
LaTeX Font Info:    Redeclaring math symbol \hbar on input line 98.
LaTeX Font Info:    Overwriting math alphabet `\mathfrak' in version `bold'
(Font)                  U/euf/m/n --> U/euf/b/n on input line 106.
)) (/home/stevenm/.TinyTeX/texmf-dist/tex/generic/iftex/iftex.sty
Package: iftex 2024/12/12 v1.0g TeX engine tests
) (/home/stevenm/.TinyTeX/texmf-dist/tex/latex/base/fontenc.sty
Package: fontenc 2024/12/21 v2.1c Standard LaTeX package
) (/home/stevenm/.TinyTeX/texmf-dist/tex/latex/base/inputenc.sty
Package: inputenc 2024/02/08 v1.3d Input encoding file
\inpenc@prehook=\toks22
\inpenc@posthook=\toks23
) (/home/stevenm/.TinyTeX/texmf-dist/tex/latex/base/textcomp.sty
Package: textcomp 2024/04/24 v2.1b Standard LaTeX package
) (/home/stevenm/.TinyTeX/texmf-dist/tex/latex/lm/lmodern.sty
Package: lmodern 2015/05/01 v1.6.1 Latin Modern Fonts
LaTeX Font Info:    Overwriting symbol font `operators' in version `normal'
(Font)                  OT1/cmr/m/n --> OT1/lmr/m/n on input line 22.
LaTeX Font Info:    Overwriting symbol font `letters' in version `normal'
(Font)                  OML/cmm/m/it --> OML/lmm/m/it on input line 23.
LaTeX Font Info:    Overwriting symbol font `symbols' in version `normal'
(Font)                  OMS/cmsy/m/n --> OMS/lmsy/m/n on input line 24.
LaTeX Font Info:    Overwriting symbol font `largesymbols' in version `normal'
(Font)                  OMX/cmex/m/n --> OMX/lmex/m/n on input line 25.
LaTeX Font Info:    Overwriting symbol font `operators' in version `bold'
(Font)                  OT1/cmr/bx/n --> OT1/lmr/bx/n on input line 26.
LaTeX Font Info:    Overwriting symbol font `letters' in version `bold'
(Font)                  OML/cmm/b/it --> OML/lmm/b/it on input line 27.
LaTeX Font Info:    Overwriting symbol font `symbols' in version `bold'
(Font)                  OMS/cmsy/b/n --> OMS/lmsy/b/n on input line 28.
LaTeX Font Info:    Overwriting symbol font `largesymbols' in version `bold'
(Font)                  OMX/cmex/m/n --> OMX/lmex/m/n on input line 29.
LaTeX Font Info:    Overwriting math alphabet `\mathbf' in version `normal'
(Font)                  OT1/cmr/bx/n --> OT1/lmr/bx/n on input line 31.
LaTeX Font Info:    Overwriting math alphabet `\mathsf' in version `normal'
(Font)                  OT1/cmss/m/n --> OT1/lmss/m/n on input line 32.
LaTeX Font Info:    Overwriting math alphabet `\mathit' in version `normal'
(Font)                  OT1/cmr/m/it --> OT1/lmr/m/it on input line 33.
LaTeX Font Info:    Overwriting math alphabet `\mathtt' in version `normal'
(Font)                  OT1/cmtt/m/n --> OT1/lmtt/m/n on input line 34.
LaTeX Font Info:    Overwriting math alphabet `\mathbf' in version `bold'
(Font)                  OT1/cmr/bx/n --> OT1/lmr/bx/n on input line 35.
LaTeX Font Info:    Overwriting math alphabet `\mathsf' in version `bold'
(Font)                  OT1/cmss/bx/n --> OT1/lmss/bx/n on input line 36.
LaTeX Font Info:    Overwriting math alphabet `\mathit' in version `bold'
(Font)                  OT1/cmr/bx/it --> OT1/lmr/bx/it on input line 37.
LaTeX Font Info:    Overwriting math alphabet `\mathtt' in version `bold'
(Font)                  OT1/cmtt/m/n --> OT1/lmtt/m/n on input line 38.
) (/home/stevenm/.TinyTeX/texmf-dist/tex/latex/xcolor/xcolor.sty
Package: xcolor 2024/09/29 v3.02 LaTeX color extensions (UK)
(/home/stevenm/.TinyTeX/texmf-dist/tex/latex/graphics-cfg/color.cfg
File: color.cfg 2016/01/02 v1.6 sample color configuration
)
Package xcolor Info: Driver file: pdftex.def on input line 274.
(/home/stevenm/.TinyTeX/texmf-dist/tex/latex/graphics-def/pdftex.def
File: pdftex.def 2024/04/13 v1.2c Graphics/color driver for pdftex
) (/home/stevenm/.TinyTeX/texmf-dist/tex/latex/graphics/mathcolor.ltx)
Package xcolor Info: Model `cmy' substituted by `cmy0' on input line 1349.
Package xcolor Info: Model `hsb' substituted by `rgb' on input line 1353.
Package xcolor Info: Model `RGB' extended on input line 1365.
Package xcolor Info: Model `HTML' substituted by `rgb' on input line 1367.
Package xcolor Info: Model `Hsb' substituted by `hsb' on input line 1368.
Package xcolor Info: Model `tHsb' substituted by `hsb' on input line 1369.
Package xcolor Info: Model `HSB' substituted by `hsb' on input line 1370.
Package xcolor Info: Model `Gray' substituted by `gray' on input line 1371.
Package xcolor Info: Model `wave' substituted by `hsb' on input line 1372.
) (/home/stevenm/.TinyTeX/texmf-dist/tex/latex/geometry/geometry.sty
Package: geometry 2020/01/02 v5.9 Page Geometry
(/home/stevenm/.TinyTeX/texmf-dist/tex/latex/graphics/keyval.sty
Package: keyval 2022/05/29 v1.15 key=value parser (DPC)
\KV@toks@=\toks24
) (/home/stevenm/.TinyTeX/texmf-dist/tex/generic/iftex/ifvtex.sty
Package: ifvtex 2019/10/25 v1.7 ifvtex legacy package. Use iftex instead.
)
\Gm@cnth=\count295
\Gm@cntv=\count296
\c@Gm@tempcnt=\count297
\Gm@bindingoffset=\dimen158
\Gm@wd@mp=\dimen159
\Gm@odd@mp=\dimen160
\Gm@even@mp=\dimen161
\Gm@layoutwidth=\dimen162
\Gm@layoutheight=\dimen163
\Gm@layouthoffset=\dimen164
\Gm@layoutvoffset=\dimen165
\Gm@dimlist=\toks25
) (/home/stevenm/.TinyTeX/texmf-dist/tex/latex/fancyvrb/fancyvrb.sty
Package: fancyvrb 2025/07/28 4.6 verbatim text (tvz,hv)
\FV@CodeLineNo=\count298
\FV@InFile=\read2
\FV@TabBox=\box55
\c@FancyVerbLine=\count299
\FV@StepNumber=\count300
\FV@OutFile=\write3
) (/home/stevenm/.TinyTeX/texmf-dist/tex/latex/graphics/graphicx.sty
Package: graphicx 2024/12/31 v1.2e Enhanced LaTeX Graphics (DPC,SPQR)
(/home/stevenm/.TinyTeX/texmf-dist/tex/latex/graphics/graphics.sty
Package: graphics 2024/08/06 v1.4g Standard LaTeX Graphics (DPC,SPQR)
(/home/stevenm/.TinyTeX/texmf-dist/tex/latex/graphics/trig.sty
Package: trig 2023/12/02 v1.11 sin cos tan (DPC)
) (/home/stevenm/.TinyTeX/texmf-dist/tex/latex/graphics-cfg/graphics.cfg
File: graphics.cfg 2016/06/04 v1.11 sample graphics configuration
)
Package graphics Info: Driver file: pdftex.def on input line 106.
)
\Gin@req@height=\dimen166
\Gin@req@width=\dimen167
)
\pandoc@box=\box56
(/home/stevenm/.TinyTeX/texmf-dist/tex/latex/tcolorbox/tcolorbox.sty
Package: tcolorbox 2025/07/08 version 6.7.1 text color boxes
(/home/stevenm/.TinyTeX/texmf-dist/tex/latex/pgf/frontendlayer/tikz.sty (/home/stevenm/.TinyTeX/texmf-dist/tex/latex/pgf/basiclayer/pgf.sty (/home/stevenm/.TinyTeX/texmf-dist/tex/latex/pgf/utilities/pgfrcs.sty (/home/stevenm/.TinyTeX/texmf-dist/tex/generic/pgf/utilities/pgfutil-common.tex
\pgfutil@everybye=\toks26
\pgfutil@tempdima=\dimen168
\pgfutil@tempdimb=\dimen169
) (/home/stevenm/.TinyTeX/texmf-dist/tex/generic/pgf/utilities/pgfutil-latex.def
\pgfutil@abb=\box57
) (/home/stevenm/.TinyTeX/texmf-dist/tex/generic/pgf/utilities/pgfrcs.code.tex (/home/stevenm/.TinyTeX/texmf-dist/tex/generic/pgf/pgf.revision.tex)
Package: pgfrcs 2025-08-29 v3.1.11a (3.1.11a)
))
Package: pgf 2025-08-29 v3.1.11a (3.1.11a)
(/home/stevenm/.TinyTeX/texmf-dist/tex/latex/pgf/basiclayer/pgfcore.sty (/home/stevenm/.TinyTeX/texmf-dist/tex/latex/pgf/systemlayer/pgfsys.sty (/home/stevenm/.TinyTeX/texmf-dist/tex/generic/pgf/systemlayer/pgfsys.code.tex
Package: pgfsys 2025-08-29 v3.1.11a (3.1.11a)
(/home/stevenm/.TinyTeX/texmf-dist/tex/generic/pgf/utilities/pgfkeys.code.tex
\pgfkeys@pathtoks=\toks27
\pgfkeys@temptoks=\toks28
(/home/stevenm/.TinyTeX/texmf-dist/tex/generic/pgf/utilities/pgfkeyslibraryfiltered.code.tex
\pgfkeys@tmptoks=\toks29
))
\pgf@x=\dimen170
\pgf@y=\dimen171
\pgf@xa=\dimen172
\pgf@ya=\dimen173
\pgf@xb=\dimen174
\pgf@yb=\dimen175
\pgf@xc=\dimen176
\pgf@yc=\dimen177
\pgf@xd=\dimen178
\pgf@yd=\dimen179
\w@pgf@writea=\write4
\r@pgf@reada=\read3
\c@pgf@counta=\count301
\c@pgf@countb=\count302
\c@pgf@countc=\count303
\c@pgf@countd=\count304
\t@pgf@toka=\toks30
\t@pgf@tokb=\toks31
\t@pgf@tokc=\toks32
\pgf@sys@id@count=\count305
(/home/stevenm/.TinyTeX/texmf-dist/tex/generic/pgf/systemlayer/pgf.cfg
File: pgf.cfg 2025-08-29 v3.1.11a (3.1.11a)
)
Driver file for pgf: pgfsys-pdftex.def
(/home/stevenm/.TinyTeX/texmf-dist/tex/generic/pgf/systemlayer/pgfsys-pdftex.def
File: pgfsys-pdftex.def 2025-08-29 v3.1.11a (3.1.11a)
(/home/stevenm/.TinyTeX/texmf-dist/tex/generic/pgf/systemlayer/pgfsys-common-pdf.def
File: pgfsys-common-pdf.def 2025-08-29 v3.1.11a (3.1.11a)
))) (/home/stevenm/.TinyTeX/texmf-dist/tex/generic/pgf/systemlayer/pgfsyssoftpath.code.tex
File: pgfsyssoftpath.code.tex 2025-08-29 v3.1.11a (3.1.11a)
\pgfsyssoftpath@smallbuffer@items=\count306
\pgfsyssoftpath@bigbuffer@items=\count307
) (/home/stevenm/.TinyTeX/texmf-dist/tex/generic/pgf/systemlayer/pgfsysprotocol.code.tex
File: pgfsysprotocol.code.tex 2025-08-29 v3.1.11a (3.1.11a)
)) (/home/stevenm/.TinyTeX/texmf-dist/tex/generic/pgf/basiclayer/pgfcore.code.tex
Package: pgfcore 2025-08-29 v3.1.11a (3.1.11a)
(/home/stevenm/.TinyTeX/texmf-dist/tex/generic/pgf/math/pgfmath.code.tex (/home/stevenm/.TinyTeX/texmf-dist/tex/generic/pgf/math/pgfmathutil.code.tex) (/home/stevenm/.TinyTeX/texmf-dist/tex/generic/pgf/math/pgfmathparser.code.tex
\pgfmath@dimen=\dimen180
\pgfmath@count=\count308
\pgfmath@box=\box58
\pgfmath@toks=\toks33
\pgfmath@stack@operand=\toks34
\pgfmath@stack@operation=\toks35
) (/home/stevenm/.TinyTeX/texmf-dist/tex/generic/pgf/math/pgfmathfunctions.code.tex) (/home/stevenm/.TinyTeX/texmf-dist/tex/generic/pgf/math/pgfmathfunctions.basic.code.tex) (/home/stevenm/.TinyTeX/texmf-dist/tex/generic/pgf/math/pgfmathfunctions.trigonometric.code.tex) (/home/stevenm/.TinyTeX/texmf-dist/tex/generic/pgf/math/pgfmathfunctions.random.code.tex) (/home/stevenm/.TinyTeX/texmf-dist/tex/generic/pgf/math/pgfmathfunctions.comparison.code.tex) (/home/stevenm/.TinyTeX/texmf-dist/tex/generic/pgf/math/pgfmathfunctions.base.code.tex) (/home/stevenm/.TinyTeX/texmf-dist/tex/generic/pgf/math/pgfmathfunctions.round.code.tex) (/home/stevenm/.TinyTeX/texmf-dist/tex/generic/pgf/math/pgfmathfunctions.misc.code.tex) (/home/stevenm/.TinyTeX/texmf-dist/tex/generic/pgf/math/pgfmathfunctions.integerarithmetics.code.tex) (/home/stevenm/.TinyTeX/texmf-dist/tex/generic/pgf/math/pgfmathcalc.code.tex) (/home/stevenm/.TinyTeX/texmf-dist/tex/generic/pgf/math/pgfmathfloat.code.tex
\c@pgfmathroundto@lastzeros=\count309
)) (/home/stevenm/.TinyTeX/texmf-dist/tex/generic/pgf/math/pgfint.code.tex) (/home/stevenm/.TinyTeX/texmf-dist/tex/generic/pgf/basiclayer/pgfcorepoints.code.tex
File: pgfcorepoints.code.tex 2025-08-29 v3.1.11a (3.1.11a)
\pgf@picminx=\dimen181
\pgf@picmaxx=\dimen182
\pgf@picminy=\dimen183
\pgf@picmaxy=\dimen184
\pgf@pathminx=\dimen185
\pgf@pathmaxx=\dimen186
\pgf@pathminy=\dimen187
\pgf@pathmaxy=\dimen188
\pgf@xx=\dimen189
\pgf@xy=\dimen190
\pgf@yx=\dimen191
\pgf@yy=\dimen192
\pgf@zx=\dimen193
\pgf@zy=\dimen194
) (/home/stevenm/.TinyTeX/texmf-dist/tex/generic/pgf/basiclayer/pgfcorepathconstruct.code.tex
File: pgfcorepathconstruct.code.tex 2025-08-29 v3.1.11a (3.1.11a)
\pgf@path@lastx=\dimen195
\pgf@path@lasty=\dimen196
) (/home/stevenm/.TinyTeX/texmf-dist/tex/generic/pgf/basiclayer/pgfcorepathusage.code.tex
File: pgfcorepathusage.code.tex 2025-08-29 v3.1.11a (3.1.11a)
\pgf@shorten@end@additional=\dimen197
\pgf@shorten@start@additional=\dimen198
) (/home/stevenm/.TinyTeX/texmf-dist/tex/generic/pgf/basiclayer/pgfcorescopes.code.tex
File: pgfcorescopes.code.tex 2025-08-29 v3.1.11a (3.1.11a)
\pgfpic=\box59
\pgf@hbox=\box60
\pgf@layerbox@main=\box61
\pgf@picture@serial@count=\count310
) (/home/stevenm/.TinyTeX/texmf-dist/tex/generic/pgf/basiclayer/pgfcoregraphicstate.code.tex
File: pgfcoregraphicstate.code.tex 2025-08-29 v3.1.11a (3.1.11a)
\pgflinewidth=\dimen199
) (/home/stevenm/.TinyTeX/texmf-dist/tex/generic/pgf/basiclayer/pgfcoretransformations.code.tex
File: pgfcoretransformations.code.tex 2025-08-29 v3.1.11a (3.1.11a)
\pgf@pt@x=\dimen256
\pgf@pt@y=\dimen257
\pgf@pt@temp=\dimen258
) (/home/stevenm/.TinyTeX/texmf-dist/tex/generic/pgf/basiclayer/pgfcorequick.code.tex
File: pgfcorequick.code.tex 2025-08-29 v3.1.11a (3.1.11a)
) (/home/stevenm/.TinyTeX/texmf-dist/tex/generic/pgf/basiclayer/pgfcoreobjects.code.tex
File: pgfcoreobjects.code.tex 2025-08-29 v3.1.11a (3.1.11a)
) (/home/stevenm/.TinyTeX/texmf-dist/tex/generic/pgf/basiclayer/pgfcorepathprocessing.code.tex
File: pgfcorepathprocessing.code.tex 2025-08-29 v3.1.11a (3.1.11a)
) (/home/stevenm/.TinyTeX/texmf-dist/tex/generic/pgf/basiclayer/pgfcorearrows.code.tex
File: pgfcorearrows.code.tex 2025-08-29 v3.1.11a (3.1.11a)
\pgfarrowsep=\dimen259
) (/home/stevenm/.TinyTeX/texmf-dist/tex/generic/pgf/basiclayer/pgfcoreshade.code.tex
File: pgfcoreshade.code.tex 2025-08-29 v3.1.11a (3.1.11a)
\pgf@max=\dimen260
\pgf@sys@shading@range@num=\count311
\pgf@shadingcount=\count312
) (/home/stevenm/.TinyTeX/texmf-dist/tex/generic/pgf/basiclayer/pgfcoreimage.code.tex
File: pgfcoreimage.code.tex 2025-08-29 v3.1.11a (3.1.11a)
) (/home/stevenm/.TinyTeX/texmf-dist/tex/generic/pgf/basiclayer/pgfcoreexternal.code.tex
File: pgfcoreexternal.code.tex 2025-08-29 v3.1.11a (3.1.11a)
\pgfexternal@startupbox=\box62
) (/home/stevenm/.TinyTeX/texmf-dist/tex/generic/pgf/basiclayer/pgfcorelayers.code.tex
File: pgfcorelayers.code.tex 2025-08-29 v3.1.11a (3.1.11a)
) (/home/stevenm/.TinyTeX/texmf-dist/tex/generic/pgf/basiclayer/pgfcoretransparency.code.tex
File: pgfcoretransparency.code.tex 2025-08-29 v3.1.11a (3.1.11a)
) (/home/stevenm/.TinyTeX/texmf-dist/tex/generic/pgf/basiclayer/pgfcorepatterns.code.tex
File: pgfcorepatterns.code.tex 2025-08-29 v3.1.11a (3.1.11a)
) (/home/stevenm/.TinyTeX/texmf-dist/tex/generic/pgf/basiclayer/pgfcorerdf.code.tex
File: pgfcorerdf.code.tex 2025-08-29 v3.1.11a (3.1.11a)
))) (/home/stevenm/.TinyTeX/texmf-dist/tex/generic/pgf/modules/pgfmoduleshapes.code.tex
File: pgfmoduleshapes.code.tex 2025-08-29 v3.1.11a (3.1.11a)
\pgfnodeparttextbox=\box63
) (/home/stevenm/.TinyTeX/texmf-dist/tex/generic/pgf/modules/pgfmoduleplot.code.tex
File: pgfmoduleplot.code.tex 2025-08-29 v3.1.11a (3.1.11a)
) (/home/stevenm/.TinyTeX/texmf-dist/tex/latex/pgf/compatibility/pgfcomp-version-0-65.sty
Package: pgfcomp-version-0-65 2025-08-29 v3.1.11a (3.1.11a)
\pgf@nodesepstart=\dimen261
\pgf@nodesepend=\dimen262
) (/home/stevenm/.TinyTeX/texmf-dist/tex/latex/pgf/compatibility/pgfcomp-version-1-18.sty
Package: pgfcomp-version-1-18 2025-08-29 v3.1.11a (3.1.11a)
)) (/home/stevenm/.TinyTeX/texmf-dist/tex/latex/pgf/utilities/pgffor.sty (/home/stevenm/.TinyTeX/texmf-dist/tex/latex/pgf/utilities/pgfkeys.sty (/home/stevenm/.TinyTeX/texmf-dist/tex/generic/pgf/utilities/pgfkeys.code.tex)) (/home/stevenm/.TinyTeX/texmf-dist/tex/latex/pgf/math/pgfmath.sty (/home/stevenm/.TinyTeX/texmf-dist/tex/generic/pgf/math/pgfmath.code.tex)) (/home/stevenm/.TinyTeX/texmf-dist/tex/generic/pgf/utilities/pgffor.code.tex
Package: pgffor 2025-08-29 v3.1.11a (3.1.11a)
\pgffor@iter=\dimen263
\pgffor@skip=\dimen264
\pgffor@stack=\toks36
\pgffor@toks=\toks37
)) (/home/stevenm/.TinyTeX/texmf-dist/tex/generic/pgf/frontendlayer/tikz/tikz.code.tex
Package: tikz 2025-08-29 v3.1.11a (3.1.11a)
(/home/stevenm/.TinyTeX/texmf-dist/tex/generic/pgf/libraries/pgflibraryplothandlers.code.tex
File: pgflibraryplothandlers.code.tex 2025-08-29 v3.1.11a (3.1.11a)
\pgf@plot@mark@count=\count313
\pgfplotmarksize=\dimen265
)
\tikz@lastx=\dimen266
\tikz@lasty=\dimen267
\tikz@lastxsaved=\dimen268
\tikz@lastysaved=\dimen269
\tikz@lastmovetox=\dimen270
\tikz@lastmovetoy=\dimen271
\tikzleveldistance=\dimen272
\tikzsiblingdistance=\dimen273
\tikz@figbox=\box64
\tikz@figbox@bg=\box65
\tikz@tempbox=\box66
\tikz@tempbox@bg=\box67
\tikztreelevel=\count314
\tikznumberofchildren=\count315
\tikznumberofcurrentchild=\count316
\tikz@fig@count=\count317
(/home/stevenm/.TinyTeX/texmf-dist/tex/generic/pgf/modules/pgfmodulematrix.code.tex
File: pgfmodulematrix.code.tex 2025-08-29 v3.1.11a (3.1.11a)
\pgfmatrixcurrentrow=\count318
\pgfmatrixcurrentcolumn=\count319
\pgf@matrix@numberofcolumns=\count320
)
\tikz@expandcount=\count321
(/home/stevenm/.TinyTeX/texmf-dist/tex/generic/pgf/frontendlayer/tikz/libraries/tikzlibrarytopaths.code.tex
File: tikzlibrarytopaths.code.tex 2025-08-29 v3.1.11a (3.1.11a)
))) (/home/stevenm/.TinyTeX/texmf-dist/tex/latex/tools/verbatim.sty
Package: verbatim 2024-01-22 v1.5x LaTeX2e package for verbatim enhancements
\every@verbatim=\toks38
\verbatim@line=\toks39
\verbatim@in@stream=\read4
) (/home/stevenm/.TinyTeX/texmf-dist/tex/latex/environ/environ.sty
Package: environ 2014/05/04 v0.3 A new way to define environments
(/home/stevenm/.TinyTeX/texmf-dist/tex/latex/trimspaces/trimspaces.sty
Package: trimspaces 2009/09/17 v1.1 Trim spaces around a token list
)) (/home/stevenm/.TinyTeX/texmf-dist/tex/latex/etoolbox/etoolbox.sty
Package: etoolbox 2025/02/11 v2.5l e-TeX tools for LaTeX (JAW)
\etb@tempcnta=\count322
)
\tcb@titlebox=\box68
\tcb@upperbox=\box69
\tcb@lowerbox=\box70
\tcb@phantombox=\box71
\c@tcbbreakpart=\count323
\c@tcblayer=\count324
\c@tcolorbox@number=\count325
\l__tcobox_tmpa_box=\box72
\l__tcobox_tmpa_dim=\dimen274
\tcb@temp=\box73
\tcb@temp=\box74
\tcb@temp=\box75
\tcb@temp=\box76
(/home/stevenm/.TinyTeX/texmf-dist/tex/latex/tcolorbox/tcbraster.code.tex
Library (tcolorbox): 'tcbraster.code.tex' version '6.7.1'
\c@tcbrastercolumn=\count326
\c@tcbrasterrow=\count327
\c@tcbrasternum=\count328
\c@tcbraster=\count329
) (/home/stevenm/.TinyTeX/texmf-dist/tex/latex/tcolorbox/tcbskins.code.tex
Library (tcolorbox): 'tcbskins.code.tex' version '6.7.1'
(/home/stevenm/.TinyTeX/texmf-dist/tex/latex/tikzfill/tikzfill.image.sty
Package: tikzfill.image 2023/08/08 v1.0.1 Image filling library for TikZ
(/home/stevenm/.TinyTeX/texmf-dist/tex/latex/tikzfill/tikzfill-common.sty
Package: tikzfill-common 2023/08/08 v1.0.1 Auxiliary code for tikzfill
) (/home/stevenm/.TinyTeX/texmf-dist/tex/latex/tikzfill/tikzlibraryfill.image.code.tex
File: tikzlibraryfill.image.code.tex 2023/08/08 v1.0.1 Image filling library
\l__tikzfill_img_box=\box77
)) (/home/stevenm/.TinyTeX/texmf-dist/tex/latex/tcolorbox/tcbskinsjigsaw.code.tex
Library (tcolorbox): 'tcbskinsjigsaw.code.tex' version '6.7.1'
)) (/home/stevenm/.TinyTeX/texmf-dist/tex/latex/tcolorbox/tcbbreakable.code.tex
Library (tcolorbox): 'tcbbreakable.code.tex' version '6.7.1'
(/home/stevenm/.TinyTeX/texmf-dist/tex/latex/pdfcol/pdfcol.sty
Package: pdfcol 2022-09-21 v1.7 Handle new color stacks for pdfTeX (HO)
(/home/stevenm/.TinyTeX/texmf-dist/tex/generic/ltxcmds/ltxcmds.sty
Package: ltxcmds 2023-12-04 v1.26 LaTeX kernel commands for general use (HO)
) (/home/stevenm/.TinyTeX/texmf-dist/tex/generic/infwarerr/infwarerr.sty
Package: infwarerr 2019/12/03 v1.5 Providing info/warning/error messages (HO)
))
Package pdfcol Info: New color stack `tcb@breakable' = 1 on input line 23.
\tcb@testbox=\box78
\tcb@totalupperbox=\box79
\tcb@totallowerbox=\box80
) (/home/stevenm/.TinyTeX/texmf-dist/tex/latex/tcolorbox/tcbhooks.code.tex
Library (tcolorbox): 'tcbhooks.code.tex' version '6.7.1'
) (/home/stevenm/.TinyTeX/texmf-dist/tex/latex/tcolorbox/tcbtheorems.code.tex
Library (tcolorbox): 'tcbtheorems.code.tex' version '6.7.1'
) (/home/stevenm/.TinyTeX/texmf-dist/tex/latex/tcolorbox/tcbfitting.code.tex
Library (tcolorbox): 'tcbfitting.code.tex' version '6.7.1'
\tcbfitdim=\dimen275
\tcb@lowerfitdim=\dimen276
\tcb@upperfitdim=\dimen277
\tcb@cur@hbadness=\count330
) (/home/stevenm/.TinyTeX/texmf-dist/tex/latex/tcolorbox/tcblistingsutf8.code.tex
Library (tcolorbox): 'tcblistingsutf8.code.tex' version '6.7.1'
(/home/stevenm/.TinyTeX/texmf-dist/tex/latex/tcolorbox/tcblistings.code.tex
Library (tcolorbox): 'tcblistings.code.tex' version '6.7.1'
(/home/stevenm/.TinyTeX/texmf-dist/tex/latex/listings/listings.sty
\lst@mode=\count331
\lst@gtempboxa=\box81
\lst@token=\toks40
\lst@length=\count332
\lst@currlwidth=\dimen278
\lst@column=\count333
\lst@pos=\count334
\lst@lostspace=\dimen279
\lst@width=\dimen280
\lst@newlines=\count335
\lst@lineno=\count336
\lst@maxwidth=\dimen281
(/home/stevenm/.TinyTeX/texmf-dist/tex/latex/listings/lstpatch.sty
File: lstpatch.sty 2024/09/23 1.10c (Carsten Heinz)
) (/home/stevenm/.TinyTeX/texmf-dist/tex/latex/listings/lstmisc.sty
File: lstmisc.sty 2024/09/23 1.10c (Carsten Heinz)
\c@lstnumber=\count337
\lst@skipnumbers=\count338
\lst@framebox=\box82
) (/home/stevenm/.TinyTeX/texmf-dist/tex/latex/listings/listings.cfg
File: listings.cfg 2024/09/23 1.10c listings configuration
))
Package: listings 2024/09/23 1.10c (Carsten Heinz)
(/home/stevenm/.TinyTeX/texmf-dist/tex/latex/tcolorbox/tcblistingscore.code.tex
Library (tcolorbox): 'tcblistingscore.code.tex' version '6.7.1'
(/home/stevenm/.TinyTeX/texmf-dist/tex/latex/tcolorbox/tcbprocessing.code.tex
Library (tcolorbox): 'tcbprocessing.code.tex' version '6.7.1'
)
\c@tcblisting=\count339
)) (/home/stevenm/.TinyTeX/texmf-dist/tex/latex/listingsutf8/listingsutf8.sty
Package: listingsutf8 2019-12-10 v1.5 Allow UTF-8 in listings input (HO)
(/home/stevenm/.TinyTeX/texmf-dist/tex/generic/pdftexcmds/pdftexcmds.sty
Package: pdftexcmds 2020-06-27 v0.33 Utility functions of pdfTeX for LuaTeX (HO)
Package pdftexcmds Info: \pdf@primitive is available.
Package pdftexcmds Info: \pdf@ifprimitive is available.
Package pdftexcmds Info: \pdfdraftmode found.
) (/home/stevenm/.TinyTeX/texmf-dist/tex/generic/stringenc/stringenc.sty
Package: stringenc 2019/11/29 v1.12 Convert strings between diff. encodings (HO)
(/home/stevenm/.TinyTeX/texmf-dist/tex/generic/pdfescape/pdfescape.sty
Package: pdfescape 2019/12/09 v1.15 Implements pdfTeX's escape features (HO)
)))) (/home/stevenm/.TinyTeX/texmf-dist/tex/latex/tcolorbox/tcbexternal.code.tex
Library (tcolorbox): 'tcbexternal.code.tex' version '6.7.1'
) (/home/stevenm/.TinyTeX/texmf-dist/tex/latex/tcolorbox/tcbmagazine.code.tex
Library (tcolorbox): 'tcbmagazine.code.tex' version '6.7.1'
) (/home/stevenm/.TinyTeX/texmf-dist/tex/latex/tcolorbox/tcbvignette.code.tex
Library (tcolorbox): 'tcbvignette.code.tex' version '6.7.1'
(/home/stevenm/.TinyTeX/texmf-dist/tex/generic/pgf/frontendlayer/tikz/libraries/tikzlibraryfadings.code.tex
File: tikzlibraryfadings.code.tex 2025-08-29 v3.1.11a (3.1.11a)
(/home/stevenm/.TinyTeX/texmf-dist/tex/generic/pgf/libraries/pgflibraryfadings.code.tex
File: pgflibraryfadings.code.tex 2025-08-29 v3.1.11a (3.1.11a)
))) (/home/stevenm/.TinyTeX/texmf-dist/tex/latex/tcolorbox/tcbposter.code.tex
Library (tcolorbox): 'tcbposter.code.tex' version '6.7.1'
)) (/home/stevenm/.TinyTeX/texmf-dist/tex/latex/mdframed/mdframed.sty
Package: mdframed 2013/07/01 1.9b: mdframed
(/home/stevenm/.TinyTeX/texmf-dist/tex/latex/kvoptions/kvoptions.sty
Package: kvoptions 2022-06-15 v3.15 Key value format for package options (HO)
(/home/stevenm/.TinyTeX/texmf-dist/tex/latex/kvsetkeys/kvsetkeys.sty
Package: kvsetkeys 2022-10-05 v1.19 Key value parser (HO)
)) (/home/stevenm/.TinyTeX/texmf-dist/tex/latex/l3packages/xparse/xparse.sty (/home/stevenm/.TinyTeX/texmf-dist/tex/latex/l3kernel/expl3.sty
Package: expl3 2025-08-13 L3 programming layer (loader) 
(/home/stevenm/.TinyTeX/texmf-dist/tex/latex/l3backend/l3backend-pdftex.def
File: l3backend-pdftex.def 2025-06-09 L3 backend support: PDF output (pdfTeX)
\l__color_backend_stack_int=\count340
))
Package: xparse 2024-08-16 L3 Experimental document command parser
) (/home/stevenm/.TinyTeX/texmf-dist/tex/latex/zref/zref-abspage.sty
Package: zref-abspage 2025-06-08 v2.36 Module abspage for zref (HO)
(/home/stevenm/.TinyTeX/texmf-dist/tex/latex/zref/zref-base.sty
Package: zref-base 2025-06-08 v2.36 Module base for zref (HO)
(/home/stevenm/.TinyTeX/texmf-dist/tex/generic/kvdefinekeys/kvdefinekeys.sty
Package: kvdefinekeys 2019-12-19 v1.6 Define keys (HO)
) (/home/stevenm/.TinyTeX/texmf-dist/tex/generic/etexcmds/etexcmds.sty
Package: etexcmds 2019/12/15 v1.7 Avoid name clashes with e-TeX commands (HO)
) (/home/stevenm/.TinyTeX/texmf-dist/tex/latex/auxhook/auxhook.sty
Package: auxhook 2019-12-17 v1.6 Hooks for auxiliary files (HO)
)
Package zref Info: New property list: main on input line 767.
Package zref Info: New property: default on input line 768.
Package zref Info: New property: page on input line 769.
)
\c@abspage=\count341
Package zref Info: New property: abspage on input line 67.
) (/home/stevenm/.TinyTeX/texmf-dist/tex/latex/needspace/needspace.sty
Package: needspace 2025/03/13 v1.3e reserve vertical space
)
\mdf@templength=\skip54
\c@mdf@globalstyle@cnt=\count342
\mdf@skipabove@length=\skip55
\mdf@skipbelow@length=\skip56
\mdf@leftmargin@length=\skip57
\mdf@rightmargin@length=\skip58
\mdf@innerleftmargin@length=\skip59
\mdf@innerrightmargin@length=\skip60
\mdf@innertopmargin@length=\skip61
\mdf@innerbottommargin@length=\skip62
\mdf@splittopskip@length=\skip63
\mdf@splitbottomskip@length=\skip64
\mdf@outermargin@length=\skip65
\mdf@innermargin@length=\skip66
\mdf@linewidth@length=\skip67
\mdf@innerlinewidth@length=\skip68
\mdf@middlelinewidth@length=\skip69
\mdf@outerlinewidth@length=\skip70
\mdf@roundcorner@length=\skip71
\mdf@footenotedistance@length=\skip72
\mdf@userdefinedwidth@length=\skip73
\mdf@needspace@length=\skip74
\mdf@frametitleaboveskip@length=\skip75
\mdf@frametitlebelowskip@length=\skip76
\mdf@frametitlerulewidth@length=\skip77
\mdf@frametitleleftmargin@length=\skip78
\mdf@frametitlerightmargin@length=\skip79
\mdf@shadowsize@length=\skip80
\mdf@extratopheight@length=\skip81
\mdf@subtitleabovelinewidth@length=\skip82
\mdf@subtitlebelowlinewidth@length=\skip83
\mdf@subtitleaboveskip@length=\skip84
\mdf@subtitlebelowskip@length=\skip85
\mdf@subtitleinneraboveskip@length=\skip86
\mdf@subtitleinnerbelowskip@length=\skip87
\mdf@subsubtitleabovelinewidth@length=\skip88
\mdf@subsubtitlebelowlinewidth@length=\skip89
\mdf@subsubtitleaboveskip@length=\skip90
\mdf@subsubtitlebelowskip@length=\skip91
\mdf@subsubtitleinneraboveskip@length=\skip92
\mdf@subsubtitleinnerbelowskip@length=\skip93
(/home/stevenm/.TinyTeX/texmf-dist/tex/latex/mdframed/md-frame-1.mdf
File: md-frame-1.mdf 2013/07/01\ 1.9b: md-frame-1
)
\mdf@frametitlebox=\box83
\mdf@footnotebox=\box84
\mdf@splitbox@one=\box85
\mdf@splitbox@two=\box86
\mdf@splitbox@save=\box87
\mdfsplitboxwidth=\skip94
\mdfsplitboxtotalwidth=\skip95
\mdfsplitboxheight=\skip96
\mdfsplitboxdepth=\skip97
\mdfsplitboxtotalheight=\skip98
\mdfframetitleboxwidth=\skip99
\mdfframetitleboxtotalwidth=\skip100
\mdfframetitleboxheight=\skip101
\mdfframetitleboxdepth=\skip102
\mdfframetitleboxtotalheight=\skip103
\mdffootnoteboxwidth=\skip104
\mdffootnoteboxtotalwidth=\skip105
\mdffootnoteboxheight=\skip106
\mdffootnoteboxdepth=\skip107
\mdffootnoteboxtotalheight=\skip108
\mdftotallinewidth=\skip109
\mdfboundingboxwidth=\skip110
\mdfboundingboxtotalwidth=\skip111
\mdfboundingboxheight=\skip112
\mdfboundingboxdepth=\skip113
\mdfboundingboxtotalheight=\skip114
\mdf@freevspace@length=\skip115
\mdf@horizontalwidthofbox@length=\skip116
\mdf@verticalmarginwhole@length=\skip117
\mdf@horizontalspaceofbox=\skip118
\mdfsubtitleheight=\skip119
\mdfsubsubtitleheight=\skip120
\c@mdfcountframes=\count343

****** mdframed patching \endmdf@trivlist

****** -- success******

\mdf@envdepth=\count344
\c@mdf@env@i=\count345
\c@mdf@env@ii=\count346
\c@mdf@zref@counter=\count347
Package zref Info: New property: mdf@pagevalue on input line 895.
) (/home/stevenm/.TinyTeX/texmf-dist/tex/latex/bookmark/bookmark.sty
Package: bookmark 2023-12-10 v1.31 PDF bookmarks (HO)
(/home/stevenm/.TinyTeX/texmf-dist/tex/latex/hyperref/hyperref.sty
Package: hyperref 2025-07-12 v7.01o Hypertext links for LaTeX
(/home/stevenm/.TinyTeX/texmf-dist/tex/latex/hycolor/hycolor.sty
Package: hycolor 2020-01-27 v1.10 Color options for hyperref/bookmark (HO)
) (/home/stevenm/.TinyTeX/texmf-dist/tex/latex/hyperref/nameref.sty
Package: nameref 2025-06-21 v2.57 Cross-referencing by name of section
(/home/stevenm/.TinyTeX/texmf-dist/tex/latex/refcount/refcount.sty
Package: refcount 2019/12/15 v3.6 Data extraction from label references (HO)
) (/home/stevenm/.TinyTeX/texmf-dist/tex/generic/gettitlestring/gettitlestring.sty
Package: gettitlestring 2019/12/15 v1.6 Cleanup title references (HO)
)
\c@section@level=\count348
)
\@linkdim=\dimen282
\Hy@linkcounter=\count349
\Hy@pagecounter=\count350
(/home/stevenm/.TinyTeX/texmf-dist/tex/latex/hyperref/pd1enc.def
File: pd1enc.def 2025-07-12 v7.01o Hyperref: PDFDocEncoding definition (HO)
Now handling font encoding PD1 ...
... no UTF-8 mapping file for font encoding PD1
) (/home/stevenm/.TinyTeX/texmf-dist/tex/generic/intcalc/intcalc.sty
Package: intcalc 2019/12/15 v1.3 Expandable calculations with integers (HO)
)
\Hy@SavedSpaceFactor=\count351
(/home/stevenm/.TinyTeX/texmf-dist/tex/latex/hyperref/puenc.def
File: puenc.def 2025-07-12 v7.01o Hyperref: PDF Unicode definition (HO)
Now handling font encoding PU ...
... no UTF-8 mapping file for font encoding PU
)
Package hyperref Info: Option `unicode' set `true' on input line 4066.
Package hyperref Info: Hyper figures OFF on input line 4195.
Package hyperref Info: Link nesting OFF on input line 4200.
Package hyperref Info: Hyper index ON on input line 4203.
Package hyperref Info: Plain pages OFF on input line 4210.
Package hyperref Info: Backreferencing OFF on input line 4215.
Package hyperref Info: Implicit mode ON; LaTeX internals redefined.
Package hyperref Info: Bookmarks ON on input line 4462.
\c@Hy@tempcnt=\count352
(/home/stevenm/.TinyTeX/texmf-dist/tex/latex/url/url.sty
\Urlmuskip=\muskip18
Package: url 2013/09/16  ver 3.4  Verb mode for urls, etc.
)
LaTeX Info: Redefining \url on input line 4801.
\XeTeXLinkMargin=\dimen283
(/home/stevenm/.TinyTeX/texmf-dist/tex/generic/bitset/bitset.sty
Package: bitset 2019/12/09 v1.3 Handle bit-vector datatype (HO)
(/home/stevenm/.TinyTeX/texmf-dist/tex/generic/bigintcalc/bigintcalc.sty
Package: bigintcalc 2019/12/15 v1.5 Expandable calculations on big integers (HO)
))
\Fld@menulength=\count353
\Field@Width=\dimen284
\Fld@charsize=\dimen285
Package hyperref Info: Hyper figures OFF on input line 6078.
Package hyperref Info: Link nesting OFF on input line 6083.
Package hyperref Info: Hyper index ON on input line 6086.
Package hyperref Info: backreferencing OFF on input line 6093.
Package hyperref Info: Link coloring OFF on input line 6098.
Package hyperref Info: Link coloring with OCG OFF on input line 6103.
Package hyperref Info: PDF/A mode OFF on input line 6108.
\Hy@abspage=\count354
\c@Item=\count355
\c@Hfootnote=\count356
)
Package hyperref Info: Driver (autodetected): hpdftex.
(/home/stevenm/.TinyTeX/texmf-dist/tex/latex/hyperref/hpdftex.def
File: hpdftex.def 2025-07-12 v7.01o Hyperref driver for pdfTeX
\HyAnn@Count=\count357
\Fld@listcount=\count358
\c@bookmark@seq@number=\count359
(/home/stevenm/.TinyTeX/texmf-dist/tex/latex/rerunfilecheck/rerunfilecheck.sty
Package: rerunfilecheck 2025-06-21 v1.11 Rerun checks for auxiliary files (HO)
(/home/stevenm/.TinyTeX/texmf-dist/tex/generic/uniquecounter/uniquecounter.sty
Package: uniquecounter 2019/12/15 v1.4 Provide unlimited unique counter (HO)
)
Package uniquecounter Info: New unique counter `rerunfilecheck' on input line 284.
)
\Hy@SectionHShift=\skip121
) (/home/stevenm/.TinyTeX/texmf-dist/tex/latex/bookmark/bkm-pdftex.def
File: bkm-pdftex.def 2023-12-10 v1.31 bookmark driver for pdfTeX and luaTeX (HO)
\BKM@id=\count360
))
LaTeX Font Info:    Trying to load font information for T1+lmr on input line 138.
(/home/stevenm/.TinyTeX/texmf-dist/tex/latex/lm/t1lmr.fd
File: t1lmr.fd 2015/05/01 v1.6.1 Font defs for Latin Modern
) (./tutorial_code.aux)
\openout1 = `tutorial_code.aux'.

LaTeX Font Info:    Checking defaults for OML/cmm/m/it on input line 138.
LaTeX Font Info:    ... okay on input line 138.
LaTeX Font Info:    Checking defaults for OMS/cmsy/m/n on input line 138.
LaTeX Font Info:    ... okay on input line 138.
LaTeX Font Info:    Checking defaults for OT1/cmr/m/n on input line 138.
LaTeX Font Info:    ... okay on input line 138.
LaTeX Font Info:    Checking defaults for T1/cmr/m/n on input line 138.
LaTeX Font Info:    ... okay on input line 138.
LaTeX Font Info:    Checking defaults for TS1/cmr/m/n on input line 138.
LaTeX Font Info:    ... okay on input line 138.
LaTeX Font Info:    Checking defaults for OMX/cmex/m/n on input line 138.
LaTeX Font Info:    ... okay on input line 138.
LaTeX Font Info:    Checking defaults for U/cmr/m/n on input line 138.
LaTeX Font Info:    ... okay on input line 138.
LaTeX Font Info:    Checking defaults for PD1/pdf/m/n on input line 138.
LaTeX Font Info:    ... okay on input line 138.
LaTeX Font Info:    Checking defaults for PU/pdf/m/n on input line 138.
LaTeX Font Info:    ... okay on input line 138.
(/home/stevenm/.TinyTeX/texmf-dist/tex/latex/epstopdf-pkg/epstopdf-base.sty
Package: epstopdf-base 2020-01-24 v2.11 Base part for package epstopdf
Package epstopdf-base Info: Redefining graphics rule for `.eps' on input line 485.
(/home/stevenm/.TinyTeX/texmf-dist/tex/latex/latexconfig/epstopdf-sys.cfg
File: epstopdf-sys.cfg 2010/07/13 v1.3 Configuration of (r)epstopdf for TeX Live
))
*geometry* driver: auto-detecting
*geometry* detected driver: pdftex
*geometry* verbose mode - [ preamble ] result:
* driver: pdftex
* paper: <default>
* layout: <same size as paper>
* layoutoffset:(h,v)=(0.0pt,0.0pt)
* modes: 
* h-part:(L,W,R)=(72.26999pt, 469.75502pt, 72.26999pt)
* v-part:(T,H,B)=(72.26999pt, 650.43001pt, 72.26999pt)
* \paperwidth=614.295pt
* \paperheight=794.96999pt
* \textwidth=469.75502pt
* \textheight=650.43001pt
* \oddsidemargin=0.0pt
* \evensidemargin=0.0pt
* \topmargin=-37.0pt
* \headheight=12.0pt
* \headsep=25.0pt
* \topskip=10.0pt
* \footskip=30.0pt
* \marginparwidth=65.0pt
* \marginparsep=11.0pt
* \columnsep=10.0pt
* \skip\footins=9.0pt plus 4.0pt minus 2.0pt
* \hoffset=0.0pt
* \voffset=0.0pt
* \mag=1000
* \@twocolumnfalse
* \@twosidefalse
* \@mparswitchfalse
* \@reversemarginfalse
* (1in=72.27pt=25.4mm, 1cm=28.453pt)

\c@lstlisting=\count361
Package hyperref Info: Link coloring OFF on input line 138.
LaTeX Font Info:    Trying to load font information for OT1+lmr on input line 140.
(/home/stevenm/.TinyTeX/texmf-dist/tex/latex/lm/ot1lmr.fd
File: ot1lmr.fd 2015/05/01 v1.6.1 Font defs for Latin Modern
)
LaTeX Font Info:    Trying to load font information for OML+lmm on input line 140.
(/home/stevenm/.TinyTeX/texmf-dist/tex/latex/lm/omllmm.fd
File: omllmm.fd 2015/05/01 v1.6.1 Font defs for Latin Modern
)
LaTeX Font Info:    Trying to load font information for OMS+lmsy on input line 140.
(/home/stevenm/.TinyTeX/texmf-dist/tex/latex/lm/omslmsy.fd
File: omslmsy.fd 2015/05/01 v1.6.1 Font defs for Latin Modern
)
LaTeX Font Info:    Trying to load font information for OMX+lmex on input line 140.
(/home/stevenm/.TinyTeX/texmf-dist/tex/latex/lm/omxlmex.fd
File: omxlmex.fd 2015/05/01 v1.6.1 Font defs for Latin Modern
)
LaTeX Font Info:    External font `lmex10' loaded for size
(Font)              <12> on input line 140.
LaTeX Font Info:    External font `lmex10' loaded for size
(Font)              <8> on input line 140.
LaTeX Font Info:    External font `lmex10' loaded for size
(Font)              <6> on input line 140.
LaTeX Font Info:    Trying to load font information for U+msa on input line 140.
(/home/stevenm/.TinyTeX/texmf-dist/tex/latex/amsfonts/umsa.fd
File: umsa.fd 2013/01/14 v3.01 AMS symbols A
)
LaTeX Font Info:    Trying to load font information for U+msb on input line 140.
(/home/stevenm/.TinyTeX/texmf-dist/tex/latex/amsfonts/umsb.fd
File: umsb.fd 2013/01/14 v3.01 AMS symbols B
)
LaTeX Font Info:    Trying to load font information for T1+lmtt on input line 156.
(/home/stevenm/.TinyTeX/texmf-dist/tex/latex/lm/t1lmtt.fd
File: t1lmtt.fd 2015/05/01 v1.6.1 Font defs for Latin Modern
)
LaTeX Font Info:    Trying to load font information for TS1+lmtt on input line 165.
(/home/stevenm/.TinyTeX/texmf-dist/tex/latex/lm/ts1lmtt.fd
File: ts1lmtt.fd 2015/05/01 v1.6.1 Font defs for Latin Modern
)

[1

{/home/stevenm/.TinyTeX/texmf-var/fonts/map/pdftex/updmap/pdftex.map}{/home/stevenm/.TinyTeX/texmf-dist/fonts/enc/dvips/lm/lm-ec.enc}{/home/stevenm/.TinyTeX/texmf-dist/fonts/enc/dvips/lm/lm-ts1.enc}]
LaTeX Font Info:    Font shape `T1/lmtt/bx/n' in size <10> not available
(Font)              Font shape `T1/lmtt/b/n' tried instead on input line 207.
Package mdframed Info: Not enough space on this page on input line 264.


[2]
Package mdframed Info: Not enough space on this page on input line 264.


[3]

[4]

[5]
LaTeX Font Info:    External font `lmex10' loaded for size
(Font)              <10> on input line 462.
LaTeX Font Info:    External font `lmex10' loaded for size
(Font)              <7> on input line 462.
LaTeX Font Info:    External font `lmex10' loaded for size
(Font)              <5> on input line 462.
<tutorial_code_files/figure-latex/linear_trend_example_plot-1.pdf, id=78, 469.755pt x 325.215pt>
File: tutorial_code_files/figure-latex/linear_trend_example_plot-1.pdf Graphic file (type pdf)
<use tutorial_code_files/figure-latex/linear_trend_example_plot-1.pdf>
Package pdftex.def Info: tutorial_code_files/figure-latex/linear_trend_example_plot-1.pdf  used on input line 477.
(pdftex.def)             Requested size: 469.75386pt x 325.2142pt.


[6{/home/stevenm/.TinyTeX/texmf-dist/fonts/enc/dvips/lm/lm-mathit.enc}{/home/stevenm/.TinyTeX/texmf-dist/fonts/enc/dvips/lm/lm-rm.enc}{/home/stevenm/.TinyTeX/texmf-dist/fonts/enc/dvips/lm/lm-mathsy.enc} <./tutorial_code_files/figure-latex/linear_trend_example_plot-1.pdf>]

[7]
Package mdframed Info: Not enough space on this page on input line 561.
<tutorial_code_files/figure-latex/linear_trend_example2-1.pdf, id=99, 469.755pt x 325.215pt>
File: tutorial_code_files/figure-latex/linear_trend_example2-1.pdf Graphic file (type pdf)
<use tutorial_code_files/figure-latex/linear_trend_example2-1.pdf>
Package pdftex.def Info: tutorial_code_files/figure-latex/linear_trend_example2-1.pdf  used on input line 587.
(pdftex.def)             Requested size: 469.75386pt x 325.2142pt.


[8 <./tutorial_code_files/figure-latex/linear_trend_example2-1.pdf>]
Package mdframed Info: Not enough space on this page on input line 613.


[9]
<tutorial_code_files/figure-latex/linear_trend_example3-1.pdf, id=114, 469.755pt x 325.215pt>
File: tutorial_code_files/figure-latex/linear_trend_example3-1.pdf Graphic file (type pdf)
<use tutorial_code_files/figure-latex/linear_trend_example3-1.pdf>
Package pdftex.def Info: tutorial_code_files/figure-latex/linear_trend_example3-1.pdf  used on input line 679.
(pdftex.def)             Requested size: 469.75386pt x 325.2142pt.


[10 <./tutorial_code_files/figure-latex/linear_trend_example3-1.pdf>]
<tutorial_code_files/figure-latex/linear_trend_fit_prep-1.pdf, id=125, 469.755pt x 325.215pt>
File: tutorial_code_files/figure-latex/linear_trend_fit_prep-1.pdf Graphic file (type pdf)
<use tutorial_code_files/figure-latex/linear_trend_fit_prep-1.pdf>
Package pdftex.def Info: tutorial_code_files/figure-latex/linear_trend_fit_prep-1.pdf  used on input line 704.
(pdftex.def)             Requested size: 469.75386pt x 325.2142pt.


[11 <./tutorial_code_files/figure-latex/linear_trend_fit_prep-1.pdf>]
<tutorial_code_files/figure-latex/linear_trend_fit_check-1.pdf, id=136, 469.755pt x 325.215pt>
File: tutorial_code_files/figure-latex/linear_trend_fit_check-1.pdf Graphic file (type pdf)
<use tutorial_code_files/figure-latex/linear_trend_fit_check-1.pdf>
Package pdftex.def Info: tutorial_code_files/figure-latex/linear_trend_fit_check-1.pdf  used on input line 752.
(pdftex.def)             Requested size: 469.75386pt x 325.2142pt.
<tutorial_code_files/figure-latex/linear_trend_fit_check-2.pdf, id=137, 469.755pt x 325.215pt>
File: tutorial_code_files/figure-latex/linear_trend_fit_check-2.pdf Graphic file (type pdf)
<use tutorial_code_files/figure-latex/linear_trend_fit_check-2.pdf>
Package pdftex.def Info: tutorial_code_files/figure-latex/linear_trend_fit_check-2.pdf  used on input line 760.
(pdftex.def)             Requested size: 469.75386pt x 325.2142pt.


[12 <./tutorial_code_files/figure-latex/linear_trend_fit_check-1.pdf>]

[13 <./tutorial_code_files/figure-latex/linear_trend_fit_check-2.pdf>]

[14]
<tutorial_code_files/figure-latex/exponential_plots-1.pdf, id=164, 469.755pt x 325.215pt>
File: tutorial_code_files/figure-latex/exponential_plots-1.pdf Graphic file (type pdf)
<use tutorial_code_files/figure-latex/exponential_plots-1.pdf>
Package pdftex.def Info: tutorial_code_files/figure-latex/exponential_plots-1.pdf  used on input line 908.
(pdftex.def)             Requested size: 469.75386pt x 325.2142pt.


[15]

[16 <./tutorial_code_files/figure-latex/exponential_plots-1.pdf>]

[17]
<tutorial_code_files/figure-latex/exponential_direction-1.pdf, id=183, 469.755pt x 325.215pt>
File: tutorial_code_files/figure-latex/exponential_direction-1.pdf Graphic file (type pdf)
<use tutorial_code_files/figure-latex/exponential_direction-1.pdf>
Package pdftex.def Info: tutorial_code_files/figure-latex/exponential_direction-1.pdf  used on input line 1012.
(pdftex.def)             Requested size: 469.75386pt x 325.2142pt.


[18 <./tutorial_code_files/figure-latex/exponential_direction-1.pdf>]

[19]
<tutorial_code_files/figure-latex/factor_on_trend-1.pdf, id=199, 469.755pt x 325.215pt>
File: tutorial_code_files/figure-latex/factor_on_trend-1.pdf Graphic file (type pdf)
<use tutorial_code_files/figure-latex/factor_on_trend-1.pdf>
Package pdftex.def Info: tutorial_code_files/figure-latex/factor_on_trend-1.pdf  used on input line 1132.
(pdftex.def)             Requested size: 469.75386pt x 325.2142pt.


[20]

[21 <./tutorial_code_files/figure-latex/factor_on_trend-1.pdf>]

[22]

[23]
<tutorial_code_files/figure-latex/polynomial_full_example-1.pdf, id=223, 469.755pt x 325.215pt>
File: tutorial_code_files/figure-latex/polynomial_full_example-1.pdf Graphic file (type pdf)
<use tutorial_code_files/figure-latex/polynomial_full_example-1.pdf>
Package pdftex.def Info: tutorial_code_files/figure-latex/polynomial_full_example-1.pdf  used on input line 1319.
(pdftex.def)             Requested size: 469.75386pt x 325.2142pt.


[24 <./tutorial_code_files/figure-latex/polynomial_full_example-1.pdf>]

[25]

[26]
<tutorial_code_files/figure-latex/SM_fit_check-1.pdf, id=244, 469.755pt x 325.215pt>
File: tutorial_code_files/figure-latex/SM_fit_check-1.pdf Graphic file (type pdf)
<use tutorial_code_files/figure-latex/SM_fit_check-1.pdf>
Package pdftex.def Info: tutorial_code_files/figure-latex/SM_fit_check-1.pdf  used on input line 1480.
(pdftex.def)             Requested size: 469.75386pt x 325.2142pt.
<tutorial_code_files/figure-latex/SM_fit_check-2.pdf, id=245, 469.755pt x 325.215pt>
File: tutorial_code_files/figure-latex/SM_fit_check-2.pdf Graphic file (type pdf)
<use tutorial_code_files/figure-latex/SM_fit_check-2.pdf>
Package pdftex.def Info: tutorial_code_files/figure-latex/SM_fit_check-2.pdf  used on input line 1488.
(pdftex.def)             Requested size: 469.75386pt x 325.2142pt.


[27 <./tutorial_code_files/figure-latex/SM_fit_check-1.pdf>]
Package mdframed Info: Not enough space on this page on input line 1534.


[28 <./tutorial_code_files/figure-latex/SM_fit_check-2.pdf>]
Package mdframed Info: Not enough space on this page on input line 1534.
<tutorial_code_files/figure-latex/SM_pp_check-1.pdf, id=266, 469.755pt x 325.215pt>
File: tutorial_code_files/figure-latex/SM_pp_check-1.pdf Graphic file (type pdf)
<use tutorial_code_files/figure-latex/SM_pp_check-1.pdf>
Package pdftex.def Info: tutorial_code_files/figure-latex/SM_pp_check-1.pdf  used on input line 1536.
(pdftex.def)             Requested size: 469.75386pt x 325.2142pt.


[29 <./tutorial_code_files/figure-latex/SM_pp_check-1.pdf>]
Package mdframed Info: Not enough space on this page on input line 1568.

Package mdframed Warning: You got a bad break
(mdframed)                because the last box will be empty
(mdframed)                you have to change it manually
(mdframed)                by changing the text, the space
(mdframed)                or something else on input line 1619.



[30]
Package mdframed Info: Not enough space on this page on input line 1681.


[31]
Package mdframed Info: Not enough space on this page on input line 1681.
<tutorial_code_files/figure-latex/ddm_example_pp_check-1.pdf, id=286, 469.755pt x 325.215pt>
File: tutorial_code_files/figure-latex/ddm_example_pp_check-1.pdf Graphic file (type pdf)
<use tutorial_code_files/figure-latex/ddm_example_pp_check-1.pdf>
Package pdftex.def Info: tutorial_code_files/figure-latex/ddm_example_pp_check-1.pdf  used on input line 1703.
(pdftex.def)             Requested size: 469.75386pt x 325.2142pt.


[32 <./tutorial_code_files/figure-latex/ddm_example_pp_check-1.pdf>]

[33]

[34]
<tutorial_code_files/figure-latex/AM_pp_check-1.pdf, id=305, 469.755pt x 325.215pt>
File: tutorial_code_files/figure-latex/AM_pp_check-1.pdf Graphic file (type pdf)
<use tutorial_code_files/figure-latex/AM_pp_check-1.pdf>
Package pdftex.def Info: tutorial_code_files/figure-latex/AM_pp_check-1.pdf  used on input line 1871.
(pdftex.def)             Requested size: 469.75386pt x 325.2142pt.


[35 <./tutorial_code_files/figure-latex/AM_pp_check-1.pdf>]

[36]
Package mdframed Info: Not enough space on this page on input line 1958.
<tutorial_code_files/figure-latex/ddm_AM_pp_check-1.pdf, id=321, 469.755pt x 325.215pt>
File: tutorial_code_files/figure-latex/ddm_AM_pp_check-1.pdf Graphic file (type pdf)
<use tutorial_code_files/figure-latex/ddm_AM_pp_check-1.pdf>
Package pdftex.def Info: tutorial_code_files/figure-latex/ddm_AM_pp_check-1.pdf  used on input line 1993.
(pdftex.def)             Requested size: 469.75386pt x 325.2142pt.


[37 <./tutorial_code_files/figure-latex/ddm_AM_pp_check-1.pdf>]
Package mdframed Info: Not enough space on this page on input line 2001.


[38]
<tutorial_code_files/figure-latex/trend_FM-1.pdf, id=338, 469.755pt x 325.215pt>
File: tutorial_code_files/figure-latex/trend_FM-1.pdf Graphic file (type pdf)
<use tutorial_code_files/figure-latex/trend_FM-1.pdf>
Package pdftex.def Info: tutorial_code_files/figure-latex/trend_FM-1.pdf  used on input line 2130.
(pdftex.def)             Requested size: 469.75386pt x 325.2142pt.


[39]
<tutorial_code_files/figure-latex/trend_FM_check-1.pdf, id=343, 469.755pt x 325.215pt>
File: tutorial_code_files/figure-latex/trend_FM_check-1.pdf Graphic file (type pdf)
<use tutorial_code_files/figure-latex/trend_FM_check-1.pdf>
Package pdftex.def Info: tutorial_code_files/figure-latex/trend_FM_check-1.pdf  used on input line 2152.
(pdftex.def)             Requested size: 469.75386pt x 325.2142pt.


[40 <./tutorial_code_files/figure-latex/trend_FM-1.pdf>]

[41 <./tutorial_code_files/figure-latex/trend_FM_check-1.pdf>] (./tutorial_code.aux)
 ***********
LaTeX2e <2025-06-01> patch level 1
L3 programming layer <2025-08-13>
 ***********
 ) 
Here is how much of TeX's memory you used:
 29337 strings out of 469781
 596357 string characters out of 5482060
 1026161 words of memory out of 5000000
 57172 multiletter control sequences out of 15000+600000
 678704 words of font info for 85 fonts, out of 8000000 for 9000
 14 hyphenation exceptions out of 8191
 98i,10n,101p,1009b,1089s stack positions out of 10000i,1000n,20000p,200000b,200000s
</home/stevenm/.TinyTeX/texmf-dist/fonts/type1/public/lm/lmbx10.pfb></home/stevenm/.TinyTeX/texmf-dist/fonts/type1/public/lm/lmbx12.pfb></home/stevenm/.TinyTeX/texmf-dist/fonts/type1/public/lm/lmmi10.pfb></home/stevenm/.TinyTeX/texmf-dist/fonts/type1/public/lm/lmmi7.pfb></home/stevenm/.TinyTeX/texmf-dist/fonts/type1/public/lm/lmr10.pfb></home/stevenm/.TinyTeX/texmf-dist/fonts/type1/public/lm/lmr12.pfb></home/stevenm/.TinyTeX/texmf-dist/fonts/type1/public/lm/lmr17.pfb></home/stevenm/.TinyTeX/texmf-dist/fonts/type1/public/lm/lmr7.pfb></home/stevenm/.TinyTeX/texmf-dist/fonts/type1/public/lm/lmri10.pfb></home/stevenm/.TinyTeX/texmf-dist/fonts/type1/public/lm/lmsy10.pfb></home/stevenm/.TinyTeX/texmf-dist/fonts/type1/public/lm/lmtk10.pfb></home/stevenm/.TinyTeX/texmf-dist/fonts/type1/public/lm/lmtt10.pfb></home/stevenm/.TinyTeX/texmf-dist/fonts/type1/public/lm/lmtti10.pfb>
Output written on tutorial_code.pdf (41 pages, 827786 bytes).
PDF statistics:
 475 PDF objects out of 1000 (max. 8388607)
 339 compressed objects within 4 object streams
 51 named destinations out of 1000 (max. 500000)
 319 words of extra memory for PDF output out of 10000 (max. 10000000)

